SF:lib/data/providers/storage_provider.dart
DA:8,3
DA:9,3
DA:12,3
DA:14,3
DA:15,9
DA:16,3
DA:19,3
DA:20,3
DA:21,3
LF:9
LH:9
end_of_record
SF:lib/data/storage/local_storage/hive_storage.dart
DA:7,0
DA:9,0
DA:13,1
DA:14,2
DA:16,4
DA:19,0
DA:21,0
LF:7
LH:3
end_of_record
SF:lib/data/storage/local_storage/shared_preferences_storage.dart
DA:8,1
DA:9,3
DA:13,0
DA:14,0
DA:15,0
DA:17,0
DA:21,0
DA:23,0
LF:8
LH:2
end_of_record
SF:lib/core/enums/lang_type.dart
DA:1,1
DA:6,2
LF:2
LH:2
end_of_record
SF:lib/core/utils/asset_loader.dart
DA:5,0
DA:6,0
DA:7,0
DA:8,0
DA:9,0
DA:10,0
DA:11,0
DA:12,0
DA:13,0
DA:14,0
DA:16,0
DA:20,0
DA:21,0
DA:25,0
DA:32,0
DA:34,0
DA:35,0
DA:39,0
DA:40,0
DA:41,0
LF:20
LH:0
end_of_record
SF:lib/data/repositories/translations_repository.dart
DA:21,3
DA:26,0
DA:29,0
DA:30,0
DA:33,0
DA:34,0
DA:35,0
DA:37,0
DA:38,0
DA:41,0
DA:42,0
DA:45,0
DA:46,0
DA:47,0
DA:48,0
DA:49,0
DA:50,0
DA:53,0
DA:54,0
DA:57,1
DA:58,2
DA:65,0
DA:66,0
DA:67,0
DA:68,0
DA:72,0
DA:73,0
DA:76,0
DA:78,0
DA:79,0
DA:80,0
DA:81,0
DA:84,0
DA:86,0
DA:91,0
DA:94,0
DA:98,0
DA:99,0
DA:100,0
DA:101,0
DA:104,0
DA:105,0
DA:106,0
DA:107,0
LF:44
LH:3
end_of_record
SF:lib/logic/localization/lang_event.dart
DA:10,1
DA:17,0
LF:2
LH:1
end_of_record
SF:lib/logic/localization/lang_state.dart
DA:9,4
DA:11,0
DA:12,0
DA:17,5
DA:19,1
DA:20,2
DA:26,0
DA:28,0
DA:29,0
LF:9
LH:4
end_of_record
SF:lib/logic/localization/translation_bloc.dart
DA:10,1
DA:12,1
DA:13,1
DA:14,3
DA:17,1
DA:18,1
DA:20,3
DA:21,2
DA:25,0
DA:29,0
DA:30,0
DA:31,0
LF:12
LH:8
end_of_record
SF:lib/core/constants/storage_keys.dart
DA:2,0
LF:1
LH:0
end_of_record
SF:lib/data/storage/local_storage/getx_storage.dart
DA:7,0
DA:9,0
DA:13,0
DA:14,0
DA:15,0
DA:18,0
DA:20,0
LF:7
LH:0
end_of_record
SF:lib/data/models/response_login_user_model.dart
DA:10,1
DA:12,0
DA:13,0
DA:15,0
LF:4
LH:1
end_of_record
SF:lib/data/models/response_login_user_model.g.dart
DA:9,0
DA:11,0
DA:12,0
DA:15,0
DA:17,0
DA:18,0
LF:6
LH:0
end_of_record
SF:lib/data/repositories/token_repository.dart
DA:7,0
DA:9,0
DA:10,0
DA:13,0
DA:14,0
LF:5
LH:0
end_of_record
SF:lib/data/rest_api/user_rest_api.g.dart
DA:12,0
DA:19,0
DA:21,0
DA:25,0
DA:26,0
DA:27,0
DA:28,0
DA:29,0
DA:30,0
DA:32,0
DA:33,0
DA:37,0
DA:38,0
DA:39,0
DA:40,0
DA:41,0
DA:42,0
DA:44,0
LF:18
LH:0
end_of_record
SF:lib/logic/user_login/login_form_validator.dart
DA:26,0
DA:27,0
LF:2
LH:0
end_of_record
SF:lib/logic/user_login/user_login_bloc.dart
DA:29,1
DA:33,2
DA:34,2
DA:37,1
DA:41,2
DA:43,2
DA:44,3
DA:48,1
DA:50,2
DA:51,2
DA:54,2
DA:55,3
DA:60,4
DA:61,2
DA:63,0
LF:15
LH:14
end_of_record
SF:lib/logic/user_login/user_login_state.dart
DA:6,0
DA:7,0
DA:13,1
DA:15,1
DA:16,1
DA:22,1
DA:24,1
DA:25,3
DA:31,2
DA:33,1
DA:35,1
DA:36,2
LF:12
LH:10
end_of_record
SF:lib/core/exceptions/exceptions_handler.dart
DA:5,0
DA:7,0
DA:9,0
DA:10,0
LF:4
LH:0
end_of_record
SF:lib/core/extensions/email_validator_extension.dart
DA:2,0
DA:3,0
DA:5,0
LF:3
LH:0
end_of_record
SF:lib/core/extensions/string_translate_extension.dart
DA:4,2
LF:1
LH:1
end_of_record
SF:lib/core/utils/keyboard_utils.dart
DA:4,1
DA:5,2
LF:2
LH:2
end_of_record
