SF:lib/data/providers/storage_provider.dart
DA:8,3
DA:9,3
DA:12,3
DA:14,3
DA:15,9
DA:16,3
DA:19,3
DA:20,3
DA:21,3
LF:9
LH:9
end_of_record
SF:lib/data/storage/local_storage/hive_storage.dart
DA:7,0
DA:9,0
DA:13,1
DA:14,2
DA:16,4
DA:19,0
DA:21,0
LF:7
LH:3
end_of_record
SF:lib/data/storage/local_storage/shared_preferences_storage.dart
DA:8,1
DA:9,3
DA:13,0
DA:14,0
DA:15,0
DA:17,0
DA:21,0
DA:23,0
LF:8
LH:2
end_of_record
SF:lib/logic/user_login/user_login_form_validator.dart
DA:8,1
DA:9,1
DA:10,1
DA:15,1
DA:17,1
DA:20,2
DA:21,1
DA:26,0
DA:27,0
LF:9
LH:7
end_of_record
SF:lib/core/extensions/email_validator_extension.dart
DA:2,1
DA:3,1
DA:5,1
LF:3
LH:3
end_of_record
SF:lib/core/extensions/translation_extension.dart
DA:4,6
LF:1
LH:1
end_of_record
SF:lib/core/utils/translations.dart
DA:5,0
DA:7,9
DA:9,3
DA:10,6
LF:4
LH:3
end_of_record
SF:lib/data/storage/local_storage/getx_storage.dart
DA:7,0
DA:9,0
DA:13,0
DA:14,0
DA:15,0
DA:18,0
DA:20,0
LF:7
LH:0
end_of_record
SF:lib/data/models/response_login_user_model.dart
DA:10,2
DA:12,0
DA:13,0
DA:15,0
LF:4
LH:1
end_of_record
SF:lib/data/models/response_login_user_model.g.dart
DA:9,0
DA:11,0
DA:12,0
DA:15,0
DA:17,0
DA:18,0
LF:6
LH:0
end_of_record
SF:lib/logic/user_login/user_login_bloc.dart
DA:29,1
DA:33,1
DA:34,1
DA:35,1
DA:36,1
DA:40,1
DA:44,1
DA:46,2
DA:47,3
DA:51,1
DA:53,2
DA:54,2
DA:57,2
DA:58,3
DA:63,4
DA:64,2
DA:66,0
LF:17
LH:16
end_of_record
SF:lib/core/exceptions/exceptions_handler.dart
DA:5,0
DA:7,0
DA:9,0
DA:10,0
LF:4
LH:0
end_of_record
SF:lib/logic/user_login/user_login_event.dart
DA:5,4
LF:1
LH:1
end_of_record
SF:lib/logic/user_login/user_login_state.dart
DA:8,7
DA:10,1
DA:11,1
DA:16,4
DA:21,5
DA:28,2
DA:30,1
DA:31,3
DA:37,0
DA:39,3
LF:10
LH:9
end_of_record
SF:lib/ui/login_user_scene/login_user_button_widget.dart
DA:10,1
DA:12,1
DA:14,1
DA:16,1
DA:18,1
DA:19,1
DA:20,1
DA:21,1
DA:22,1
DA:23,0
DA:24,2
DA:27,1
DA:28,1
DA:29,1
LF:14
LH:13
end_of_record
SF:lib/core/constants/storage_keys.dart
DA:2,0
LF:1
LH:0
end_of_record
SF:lib/core/utils/keyboard_utils.dart
DA:4,1
DA:5,2
LF:2
LH:2
end_of_record
SF:lib/data/repositories/token_repository.dart
DA:7,0
DA:9,0
DA:10,0
DA:13,0
DA:14,0
LF:5
LH:0
end_of_record
SF:lib/data/rest_api/user_rest_api.g.dart
DA:12,0
DA:19,0
DA:21,0
DA:25,0
DA:26,0
DA:27,0
DA:28,0
DA:29,0
DA:30,0
DA:32,0
DA:33,0
DA:37,0
DA:38,0
DA:39,0
DA:40,0
DA:41,0
DA:42,0
DA:44,0
LF:18
LH:0
end_of_record
SF:lib/ui/widgets/bloc_builder_widget.dart
DA:6,2
DA:8,1
DA:10,1
DA:11,1
DA:12,2
LF:5
LH:5
end_of_record
SF:lib/core/enums/lang_type.dart
DA:1,1
DA:6,1
LF:2
LH:2
end_of_record
SF:lib/core/utils/asset_loader.dart
DA:5,0
DA:6,0
DA:7,0
DA:8,0
DA:9,0
DA:10,0
DA:11,0
DA:12,0
DA:13,0
DA:14,0
DA:16,0
DA:20,0
DA:21,0
DA:25,0
DA:32,0
DA:34,0
DA:35,0
DA:39,0
DA:40,0
DA:41,0
LF:20
LH:0
end_of_record
SF:lib/data/repositories/language_repository.dart
DA:22,0
DA:26,0
DA:29,0
DA:30,0
DA:31,0
DA:33,0
DA:34,0
DA:37,0
DA:38,0
DA:39,0
DA:40,0
DA:44,0
DA:47,0
DA:48,0
DA:49,0
DA:52,0
DA:53,0
DA:57,0
DA:60,0
DA:64,0
DA:65,0
DA:68,0
DA:69,0
DA:70,0
DA:71,0
DA:72,0
DA:73,0
DA:76,0
DA:77,0
DA:78,0
DA:79,0
DA:82,0
DA:83,0
DA:84,0
DA:85,0
LF:35
LH:0
end_of_record
SF:lib/logic/localization/language_event.dart
DA:10,1
DA:17,0
LF:2
LH:1
end_of_record
SF:lib/logic/localization/language_state.dart
DA:9,3
DA:11,0
DA:12,0
DA:17,4
DA:19,1
DA:20,2
DA:26,0
DA:28,0
DA:29,0
LF:9
LH:4
end_of_record
SF:lib/logic/localization/language_bloc.dart
DA:10,1
DA:12,1
DA:13,1
DA:14,3
DA:17,1
DA:18,1
DA:20,3
DA:21,2
DA:25,0
DA:29,0
DA:30,0
DA:31,0
LF:12
LH:8
end_of_record
